<?xml version="1.0" encoding="UTF-8"?>
<testng-results skipped="0" failed="0" total="10" passed="10">
  <reporter-output>
  </reporter-output>
  <suite name="Default suite" duration-ms="42" started-at="2013-07-09T08:11:42Z" finished-at="2013-07-09T08:11:42Z">
    <groups>
    </groups>
    <test name="Default test" duration-ms="42" started-at="2013-07-09T08:11:42Z" finished-at="2013-07-09T08:11:42Z">
      <class name="com.skrill.interns.unit_test.calculator.CalculatorTest">
        <test-method status="PASS" signature="setUp()[pri:0, instance:com.skrill.interns.unit_test.calculator.CalculatorTest@45db05b2]" name="setUp" is-config="true" duration-ms="5" started-at="2013-07-09T11:11:42Z" finished-at="2013-07-09T11:11:42Z">
          <reporter-output>
          </reporter-output>
        </test-method> <!-- setUp -->
        <test-method status="PASS" signature="givenDelimitersFromAnyLenghtAndFormatWhenCallingAddMethodThen6()[pri:0, instance:com.skrill.interns.unit_test.calculator.CalculatorTest@45db05b2]" name="givenDelimitersFromAnyLenghtAndFormatWhenCallingAddMethodThen6" duration-ms="6" started-at="2013-07-09T11:11:42Z" finished-at="2013-07-09T11:11:42Z">
          <reporter-output>
          </reporter-output>
        </test-method> <!-- givenDelimitersFromAnyLenghtAndFormatWhenCallingAddMethodThen6 -->
        <test-method status="PASS" signature="givenDifferentDelimitersWhenCallingAddMethodThen3()[pri:0, instance:com.skrill.interns.unit_test.calculator.CalculatorTest@45db05b2]" name="givenDifferentDelimitersWhenCallingAddMethodThen3" duration-ms="0" started-at="2013-07-09T11:11:42Z" finished-at="2013-07-09T11:11:42Z">
          <reporter-output>
          </reporter-output>
        </test-method> <!-- givenDifferentDelimitersWhenCallingAddMethodThen3 -->
        <test-method status="PASS" signature="setUp()[pri:0, instance:com.skrill.interns.unit_test.calculator.CalculatorTest@45db05b2]" name="setUp" is-config="true" duration-ms="0" started-at="2013-07-09T11:11:42Z" finished-at="2013-07-09T11:11:42Z">
          <reporter-output>
          </reporter-output>
        </test-method> <!-- setUp -->
        <test-method status="PASS" signature="setUp()[pri:0, instance:com.skrill.interns.unit_test.calculator.CalculatorTest@45db05b2]" name="setUp" is-config="true" duration-ms="0" started-at="2013-07-09T11:11:42Z" finished-at="2013-07-09T11:11:42Z">
          <reporter-output>
          </reporter-output>
        </test-method> <!-- setUp -->
        <test-method status="PASS" signature="givenEmptyStringWhenCallingAddMethodThenZero()[pri:0, instance:com.skrill.interns.unit_test.calculator.CalculatorTest@45db05b2]" name="givenEmptyStringWhenCallingAddMethodThenZero" duration-ms="0" started-at="2013-07-09T11:11:42Z" finished-at="2013-07-09T11:11:42Z">
          <reporter-output>
          </reporter-output>
        </test-method> <!-- givenEmptyStringWhenCallingAddMethodThenZero -->
        <test-method status="PASS" signature="setUp()[pri:0, instance:com.skrill.interns.unit_test.calculator.CalculatorTest@45db05b2]" name="setUp" is-config="true" duration-ms="1" started-at="2013-07-09T11:11:42Z" finished-at="2013-07-09T11:11:42Z">
          <reporter-output>
          </reporter-output>
        </test-method> <!-- setUp -->
        <test-method status="PASS" signature="givenMoreThanTwoNumbersWhenCallingAddMethodThen20()[pri:0, instance:com.skrill.interns.unit_test.calculator.CalculatorTest@45db05b2]" name="givenMoreThanTwoNumbersWhenCallingAddMethodThen20" duration-ms="1" started-at="2013-07-09T11:11:42Z" finished-at="2013-07-09T11:11:42Z">
          <reporter-output>
          </reporter-output>
        </test-method> <!-- givenMoreThanTwoNumbersWhenCallingAddMethodThen20 -->
        <test-method status="PASS" signature="givenMultipleDelimitersWhenCallingAddMethodThen15()[pri:0, instance:com.skrill.interns.unit_test.calculator.CalculatorTest@45db05b2]" name="givenMultipleDelimitersWhenCallingAddMethodThen15" duration-ms="1" started-at="2013-07-09T11:11:42Z" finished-at="2013-07-09T11:11:42Z">
          <reporter-output>
          </reporter-output>
        </test-method> <!-- givenMultipleDelimitersWhenCallingAddMethodThen15 -->
        <test-method status="PASS" signature="setUp()[pri:0, instance:com.skrill.interns.unit_test.calculator.CalculatorTest@45db05b2]" name="setUp" is-config="true" duration-ms="0" started-at="2013-07-09T11:11:42Z" finished-at="2013-07-09T11:11:42Z">
          <reporter-output>
          </reporter-output>
        </test-method> <!-- setUp -->
        <test-method status="PASS" signature="setUp()[pri:0, instance:com.skrill.interns.unit_test.calculator.CalculatorTest@45db05b2]" name="setUp" is-config="true" duration-ms="1" started-at="2013-07-09T11:11:42Z" finished-at="2013-07-09T11:11:42Z">
          <reporter-output>
          </reporter-output>
        </test-method> <!-- setUp -->
        <test-method status="PASS" signature="givenNegativeNumbersWhenCallingAddMethod()[pri:0, instance:com.skrill.interns.unit_test.calculator.CalculatorTest@45db05b2]" name="givenNegativeNumbersWhenCallingAddMethod" duration-ms="0" started-at="2013-07-09T11:11:42Z" finished-at="2013-07-09T11:11:42Z">
          <exception class="java.lang.IllegalArgumentException">
            <message>
              <![CDATA[Negatives not allowed!!!-2-4]]>
            </message>
            <full-stacktrace>
              <![CDATA[java.lang.IllegalArgumentException: Negatives not allowed!!!-2-4
	at com.skrill.interns.unit_test.calculator.Calculator.add(Calculator.java:89)
	at com.skrill.interns.unit_test.calculator.CalculatorTest.givenNegativeNumbersWhenCallingAddMethod(CalculatorTest.java:111)
	at sun.reflect.NativeMethodAccessorImpl.invoke0(Native Method)
	at sun.reflect.NativeMethodAccessorImpl.invoke(NativeMethodAccessorImpl.java:39)
	at sun.reflect.DelegatingMethodAccessorImpl.invoke(DelegatingMethodAccessorImpl.java:25)
	at java.lang.reflect.Method.invoke(Method.java:597)
	at org.testng.internal.MethodInvocationHelper.invokeMethod(MethodInvocationHelper.java:84)
	at org.testng.internal.Invoker.invokeMethod(Invoker.java:714)
	at org.testng.internal.Invoker.invokeTestMethod(Invoker.java:901)
	at org.testng.internal.Invoker.invokeTestMethods(Invoker.java:1231)
	at org.testng.internal.TestMethodWorker.invokeTestMethods(TestMethodWorker.java:127)
	at org.testng.internal.TestMethodWorker.run(TestMethodWorker.java:111)
	at org.testng.TestRunner.privateRun(TestRunner.java:767)
	at org.testng.TestRunner.run(TestRunner.java:617)
	at org.testng.SuiteRunner.runTest(SuiteRunner.java:335)
	at org.testng.SuiteRunner.runSequentially(SuiteRunner.java:330)
	at org.testng.SuiteRunner.privateRun(SuiteRunner.java:291)
	at org.testng.SuiteRunner.run(SuiteRunner.java:240)
	at org.testng.SuiteRunnerWorker.runSuite(SuiteRunnerWorker.java:52)
	at org.testng.SuiteRunnerWorker.run(SuiteRunnerWorker.java:86)
	at org.testng.TestNG.runSuitesSequentially(TestNG.java:1224)
	at org.testng.TestNG.runSuitesLocally(TestNG.java:1149)
	at org.testng.TestNG.run(TestNG.java:1057)
	at org.testng.remote.RemoteTestNG.run(RemoteTestNG.java:111)
	at org.testng.remote.RemoteTestNG.initAndRun(RemoteTestNG.java:204)
	at org.testng.remote.RemoteTestNG.main(RemoteTestNG.java:175)
]]>
            </full-stacktrace>
          </exception> <!-- java.lang.IllegalArgumentException -->
          <reporter-output>
          </reporter-output>
        </test-method> <!-- givenNegativeNumbersWhenCallingAddMethod -->
        <test-method status="PASS" signature="setUp()[pri:0, instance:com.skrill.interns.unit_test.calculator.CalculatorTest@45db05b2]" name="setUp" is-config="true" duration-ms="0" started-at="2013-07-09T11:11:42Z" finished-at="2013-07-09T11:11:42Z">
          <reporter-output>
          </reporter-output>
        </test-method> <!-- setUp -->
        <test-method status="PASS" signature="givenNewLineDelimiterWhenCallingAddMethodThen10()[pri:0, instance:com.skrill.interns.unit_test.calculator.CalculatorTest@45db05b2]" name="givenNewLineDelimiterWhenCallingAddMethodThen10" duration-ms="1" started-at="2013-07-09T11:11:42Z" finished-at="2013-07-09T11:11:42Z">
          <reporter-output>
          </reporter-output>
        </test-method> <!-- givenNewLineDelimiterWhenCallingAddMethodThen10 -->
        <test-method status="PASS" signature="setUp()[pri:0, instance:com.skrill.interns.unit_test.calculator.CalculatorTest@45db05b2]" name="setUp" is-config="true" duration-ms="0" started-at="2013-07-09T11:11:42Z" finished-at="2013-07-09T11:11:42Z">
          <reporter-output>
          </reporter-output>
        </test-method> <!-- setUp -->
        <test-method status="PASS" signature="givenNumberBiggerThan1000WhenCallingAddMethodThen4()[pri:0, instance:com.skrill.interns.unit_test.calculator.CalculatorTest@45db05b2]" name="givenNumberBiggerThan1000WhenCallingAddMethodThen4" duration-ms="1" started-at="2013-07-09T11:11:42Z" finished-at="2013-07-09T11:11:42Z">
          <reporter-output>
          </reporter-output>
        </test-method> <!-- givenNumberBiggerThan1000WhenCallingAddMethodThen4 -->
        <test-method status="PASS" signature="setUp()[pri:0, instance:com.skrill.interns.unit_test.calculator.CalculatorTest@45db05b2]" name="setUp" is-config="true" duration-ms="0" started-at="2013-07-09T11:11:42Z" finished-at="2013-07-09T11:11:42Z">
          <reporter-output>
          </reporter-output>
        </test-method> <!-- setUp -->
        <test-method status="PASS" signature="givenOneNotEmptyStringWhenCallingAddMethodThen2()[pri:0, instance:com.skrill.interns.unit_test.calculator.CalculatorTest@45db05b2]" name="givenOneNotEmptyStringWhenCallingAddMethodThen2" duration-ms="3" started-at="2013-07-09T11:11:42Z" finished-at="2013-07-09T11:11:42Z">
          <reporter-output>
          </reporter-output>
        </test-method> <!-- givenOneNotEmptyStringWhenCallingAddMethodThen2 -->
        <test-method status="PASS" signature="setUp()[pri:0, instance:com.skrill.interns.unit_test.calculator.CalculatorTest@45db05b2]" name="setUp" is-config="true" duration-ms="0" started-at="2013-07-09T11:11:42Z" finished-at="2013-07-09T11:11:42Z">
          <reporter-output>
          </reporter-output>
        </test-method> <!-- setUp -->
        <test-method status="PASS" signature="givenTwoNotEmptyStringsWhenCallingAddMethodThen5()[pri:0, instance:com.skrill.interns.unit_test.calculator.CalculatorTest@45db05b2]" name="givenTwoNotEmptyStringsWhenCallingAddMethodThen5" duration-ms="1" started-at="2013-07-09T11:11:42Z" finished-at="2013-07-09T11:11:42Z">
          <reporter-output>
          </reporter-output>
        </test-method> <!-- givenTwoNotEmptyStringsWhenCallingAddMethodThen5 -->
      </class> <!-- com.skrill.interns.unit_test.calculator.CalculatorTest -->
    </test> <!-- Default test -->
  </suite> <!-- Default suite -->
</testng-results>
