<?xml version="1.0" encoding="UTF-8"?>
<!-- Generated by org.testng.reporters.JUnitXMLReporter -->
<testsuite hostname="SGERGOVA" name="Default test" tests="10" failures="0" timestamp="9 Jul 2013 08:11:42 GMT" time="0.042" errors="0">
  <testcase name="givenDelimitersFromAnyLenghtAndFormatWhenCallingAddMethodThen6" time="0.0060" classname="com.skrill.interns.unit_test.calculator.CalculatorTest"/>
  <testcase name="givenDifferentDelimitersWhenCallingAddMethodThen3" time="0.0" classname="com.skrill.interns.unit_test.calculator.CalculatorTest"/>
  <testcase name="givenEmptyStringWhenCallingAddMethodThenZero" time="0.0" classname="com.skrill.interns.unit_test.calculator.CalculatorTest"/>
  <testcase name="givenMoreThanTwoNumbersWhenCallingAddMethodThen20" time="0.0010" classname="com.skrill.interns.unit_test.calculator.CalculatorTest"/>
  <testcase name="givenMultipleDelimitersWhenCallingAddMethodThen15" time="0.0010" classname="com.skrill.interns.unit_test.calculator.CalculatorTest"/>
  <testcase name="givenNegativeNumbersWhenCallingAddMethod" time="0.0" classname="com.skrill.interns.unit_test.calculator.CalculatorTest"/>
  <testcase name="givenNewLineDelimiterWhenCallingAddMethodThen10" time="0.0010" classname="com.skrill.interns.unit_test.calculator.CalculatorTest"/>
  <testcase name="givenNumberBiggerThan1000WhenCallingAddMethodThen4" time="0.0010" classname="com.skrill.interns.unit_test.calculator.CalculatorTest"/>
  <testcase name="givenOneNotEmptyStringWhenCallingAddMethodThen2" time="0.0030" classname="com.skrill.interns.unit_test.calculator.CalculatorTest"/>
  <testcase name="givenTwoNotEmptyStringsWhenCallingAddMethodThen5" time="0.0010" classname="com.skrill.interns.unit_test.calculator.CalculatorTest"/>
</testsuite> <!-- Default test -->
