<?xml version="1.0" encoding="UTF-8"?>
<testng-results skipped="0" failed="0" total="3" passed="3">
  <reporter-output>
  </reporter-output>
  <suite name="Command line suite" duration-ms="17" started-at="2013-07-19T14:13:05Z" finished-at="2013-07-19T14:13:05Z">
    <groups>
    </groups>
    <test name="Command line test" duration-ms="17" started-at="2013-07-19T14:13:05Z" finished-at="2013-07-19T14:13:05Z">
      <class name="com.skrill.interns.converter.ContentTest">
        <test-method status="PASS" signature="givenAddingSomeTextWhenCallingMethodGetResultPageThenStringContainsFirstString()[pri:0, instance:com.skrill.interns.converter.ContentTest@1cb8deef]" name="givenAddingSomeTextWhenCallingMethodGetResultPageThenStringContainsFirstString" duration-ms="6" started-at="2013-07-19T17:13:05Z" finished-at="2013-07-19T17:13:05Z">
          <reporter-output>
          </reporter-output>
        </test-method> <!-- givenAddingSomeTextWhenCallingMethodGetResultPageThenStringContainsFirstString -->
        <test-method status="PASS" signature="givenHtmlAsStringWhenCallingGetFormPageThenCompareResults()[pri:0, instance:com.skrill.interns.converter.ContentTest@1cb8deef]" name="givenHtmlAsStringWhenCallingGetFormPageThenCompareResults" duration-ms="2" started-at="2013-07-19T17:13:05Z" finished-at="2013-07-19T17:13:05Z">
          <reporter-output>
          </reporter-output>
        </test-method> <!-- givenHtmlAsStringWhenCallingGetFormPageThenCompareResults -->
        <test-method status="PASS" signature="givenWhenThen()[pri:0, instance:com.skrill.interns.converter.ContentTest@1cb8deef]" name="givenWhenThen" duration-ms="1" started-at="2013-07-19T17:13:05Z" finished-at="2013-07-19T17:13:05Z">
          <reporter-output>
          </reporter-output>
        </test-method> <!-- givenWhenThen -->
      </class> <!-- com.skrill.interns.converter.ContentTest -->
    </test> <!-- Command line test -->
  </suite> <!-- Command line suite -->
</testng-results>
