<?xml version="1.0" encoding="UTF-8"?>
<testng-results skipped="0" failed="0" total="1" passed="1">
  <reporter-output>
  </reporter-output>
  <suite name="Default suite" duration-ms="19" started-at="2013-07-09T09:24:36Z" finished-at="2013-07-09T09:24:36Z">
    <groups>
    </groups>
    <test name="Default test" duration-ms="19" started-at="2013-07-09T09:24:36Z" finished-at="2013-07-09T09:24:36Z">
      <class name="com.skrill.interns.MatrixCalculator.matrix.TestMatrix">
        <test-method status="PASS" signature="setup()[pri:0, instance:com.skrill.interns.MatrixCalculator.matrix.TestMatrix@39dd3812]" name="setup" is-config="true" duration-ms="6" started-at="2013-07-09T12:24:36Z" finished-at="2013-07-09T12:24:36Z">
          <reporter-output>
          </reporter-output>
        </test-method> <!-- setup -->
        <test-method status="PASS" signature="givenArrayOfBigDecimalWhenGetColThenReturnCol()[pri:0, instance:com.skrill.interns.MatrixCalculator.matrix.TestMatrix@39dd3812]" name="givenArrayOfBigDecimalWhenGetColThenReturnCol" duration-ms="5" started-at="2013-07-09T12:24:36Z" finished-at="2013-07-09T12:24:36Z">
          <reporter-output>
          </reporter-output>
        </test-method> <!-- givenArrayOfBigDecimalWhenGetColThenReturnCol -->
      </class> <!-- com.skrill.interns.MatrixCalculator.matrix.TestMatrix -->
    </test> <!-- Default test -->
  </suite> <!-- Default suite -->
</testng-results>
