<?xml version="1.0" encoding="UTF-8"?>
<testng-results skipped="0" failed="0" total="1" passed="1">
  <reporter-output>
  </reporter-output>
  <suite name="Default suite" duration-ms="21" started-at="2013-08-27T10:55:24Z" finished-at="2013-08-27T10:55:24Z">
    <groups>
    </groups>
    <test name="Default test" duration-ms="21" started-at="2013-08-27T10:55:24Z" finished-at="2013-08-27T10:55:24Z">
      <class name="StringCalculator.stringcal.TestEightTask">
        <test-method status="PASS" signature="setup()[pri:0, instance:StringCalculator.stringcal.TestEightTask@664883c]" name="setup" is-config="true" duration-ms="6" started-at="2013-08-27T13:55:24Z" finished-at="2013-08-27T13:55:24Z">
          <reporter-output>
          </reporter-output>
        </test-method> <!-- setup -->
        <test-method status="PASS" signature="givenMultipleDelimetersInFirstLineWhenAddMethodThenSumByThem()[pri:0, instance:StringCalculator.stringcal.TestEightTask@664883c]" name="givenMultipleDelimetersInFirstLineWhenAddMethodThenSumByThem" duration-ms="7" started-at="2013-08-27T13:55:24Z" finished-at="2013-08-27T13:55:24Z">
          <reporter-output>
          </reporter-output>
        </test-method> <!-- givenMultipleDelimetersInFirstLineWhenAddMethodThenSumByThem -->
      </class> <!-- StringCalculator.stringcal.TestEightTask -->
    </test> <!-- Default test -->
  </suite> <!-- Default suite -->
</testng-results>
