<?xml version="1.0" encoding="UTF-8"?>
<!-- Generated by org.testng.reporters.JUnitXMLReporter -->
<testsuite hostname="SGERGOVA" name="Command line test" tests="3" failures="0" timestamp="19 Jul 2013 14:13:05 GMT" time="0.017" errors="0">
  <testcase name="givenAddingSomeTextWhenCallingMethodGetResultPageThenStringContainsFirstString" time="0.0060" classname="com.skrill.interns.converter.ContentTest"/>
  <testcase name="givenHtmlAsStringWhenCallingGetFormPageThenCompareResults" time="0.0020" classname="com.skrill.interns.converter.ContentTest"/>
  <testcase name="givenWhenThen" time="0.0010" classname="com.skrill.interns.converter.ContentTest"/>
</testsuite> <!-- Command line test -->
